Build started 12/25/2021 3:11:43 PM.
     1>Project "D:\lam game 2d\GameSDLdemo\GameSDLdemo\GameSDLdemo.vcxproj" on node 2 (Build target(s)).
     1>ClCompile:
         C:\Program Files (x86)\Microsoft Visual Studio 11.0\VC\bin\CL.exe /c /ZI /nologo /W3 /WX- /Od /Oy- /D WIN32 /D _DEBUG /D _CONSOLE /D _UNICODE /D UNICODE /Gm /EHsc /RTC1 /MDd /GS /fp:precise /Zc:wchar_t /Zc:forScope /Fo"Debug\\" /Fd"Debug\vc110.pdb" /Gd /TP /analyze- /errorReport:prompt AmoObject.cpp BaseObject.cpp MainObject.cpp ThreatsObject.cpp main.cpp
         main.cpp
     1>d:\lam game 2d\gamesdldemo\gamesdldemo\main.cpp(68): warning C4244: '=' : conversion from 'double' to 'int', possible loss of data
     1>d:\lam game 2d\gamesdldemo\gamesdldemo\main.cpp(150): warning C4018: '<' : signed/unsigned mismatch
         Generating Code...
         Skipping... (no relevant changes detected)
         ThreatsObject.cpp
         MainObject.cpp
         BaseObject.cpp
         AmoObject.cpp
       Link:
         C:\Program Files (x86)\Microsoft Visual Studio 11.0\VC\bin\link.exe /ERRORREPORT:PROMPT /OUT:"D:\lam game 2d\GameSDLdemo\Debug\GameSDLdemo.exe" /INCREMENTAL /NOLOGO SDL.lib SDLMain.lib SDL_image.lib SDL_mixer.lib SDl_ttf.lib kernel32.lib user32.lib gdi32.lib winspool.lib comdlg32.lib advapi32.lib shell32.lib ole32.lib oleaut32.lib uuid.lib odbc32.lib odbccp32.lib /MANIFEST /MANIFESTUAC:"level='asInvoker' uiAccess='false'" /manifest:embed /DEBUG /PDB:"D:\lam game 2d\GameSDLdemo\Debug\GameSDLdemo.pdb" /SUBSYSTEM:WINDOWS /TLBID:1 /DYNAMICBASE /NXCOMPAT /IMPLIB:"D:\lam game 2d\GameSDLdemo\Debug\GameSDLdemo.lib" /MACHINE:X86 Debug\AmoObject.obj
         Debug\BaseObject.obj
         Debug\Common_Function.obj
         Debug\main.obj
         Debug\MainObject.obj
         Debug\ThreatsObject.obj
         GameSDLdemo.vcxproj -> D:\lam game 2d\GameSDLdemo\Debug\GameSDLdemo.exe
     1>Done Building Project "D:\lam game 2d\GameSDLdemo\GameSDLdemo\GameSDLdemo.vcxproj" (Build target(s)).

Build succeeded.

Time Elapsed 00:00:02.26
